android/app/build/intermediates/manifest_merge_blame_file/release/manifest-merger-blame-release-report.txt
1<?xml version="1.0" encoding="utf-8"?>
2<manifest xmlns:android="http://schemas.android.com/apk/res/android"
3    package="com.karnahai"
4    android:versionCode="1"
5    android:versionName="1.0" >
6
7    <uses-sdk
8        android:minSdkVersion="21"
8-->src/main/AndroidManifest.xml
9        android:targetSdkVersion="31" />
9-->src/main/AndroidManifest.xml
10
11    <uses-permission android:name="android.permission.INTERNET" />
11-->src/main/AndroidManifest.xml:4:5-67
11-->src/main/AndroidManifest.xml:4:22-64
12    <uses-permission android:name="android.permission.VIBRATE" />
12-->src/main/AndroidManifest.xml:6:5-66
12-->src/main/AndroidManifest.xml:6:22-63
13    <uses-permission android:name="android.permission.WAKE_LOCK" />
13-->src/main/AndroidManifest.xml:7:5-68
13-->src/main/AndroidManifest.xml:7:22-65
14    <uses-permission android:name="android.permission.RECEIVE_BOOT_COMPLETED" />
14-->src/main/AndroidManifest.xml:8:5-81
14-->src/main/AndroidManifest.xml:8:22-78
15    <uses-permission android:name="android.permission.READ_PHONE_STATE" />
15-->src/main/AndroidManifest.xml:10:5-74
15-->src/main/AndroidManifest.xml:10:22-72
16    <uses-permission android:name="android.permission.READ_CALL_LOG" />
16-->src/main/AndroidManifest.xml:11:6-72
16-->src/main/AndroidManifest.xml:11:23-70
17    <uses-permission android:name="android.permission.READ_SMS" />
17-->src/main/AndroidManifest.xml:12:6-68
17-->src/main/AndroidManifest.xml:12:23-65
18    <uses-permission android:name="android.permission.WRITE_SMS" />
18-->src/main/AndroidManifest.xml:13:6-69
18-->src/main/AndroidManifest.xml:13:23-66
19    <uses-permission android:name="android.permission.SEND_SMS" />
19-->src/main/AndroidManifest.xml:14:6-67
19-->src/main/AndroidManifest.xml:14:23-65
20    <uses-permission
20-->src/main/AndroidManifest.xml:15:6-86
21        android:name="android.permission.ACCESS_NOTIFICATION_POLICY"
21-->src/main/AndroidManifest.xml:15:23-83
22        android:minSdkVersion="23" />
22-->[app.notifee:core:202108261754] AndroidManifest.xml:23:9-35
23    <uses-permission android:name="android.permission.USE_FINGERPRINT" />
23-->src/main/AndroidManifest.xml:16:6-75
23-->src/main/AndroidManifest.xml:16:23-72
24    <uses-permission android:name="android.permission.READ_CALENDAR" />
24-->src/main/AndroidManifest.xml:18:6-72
24-->src/main/AndroidManifest.xml:18:23-70
25    <uses-permission android:name="android.permission.WRITE_CALENDAR" />
25-->src/main/AndroidManifest.xml:19:1-68
25-->src/main/AndroidManifest.xml:19:18-66
26    <uses-permission android:name="android.permission.ACCESS_NETWORK_STATE" />
26-->[:react-native-firebase_auth] AndroidManifest.xml:11:5-79
26-->[:react-native-firebase_auth] AndroidManifest.xml:11:22-76
27    <uses-permission android:name="android.permission.POST_NOTIFICATIONS" /> <!-- Required by older versions of Google Play services to create IID tokens -->
27-->[com.google.firebase:firebase-messaging:23.2.1] AndroidManifest.xml:23:5-77
27-->[com.google.firebase:firebase-messaging:23.2.1] AndroidManifest.xml:23:22-74
28    <uses-permission android:name="com.google.android.c2dm.permission.RECEIVE" />
28-->[com.google.firebase:firebase-messaging:23.2.1] AndroidManifest.xml:26:5-82
28-->[com.google.firebase:firebase-messaging:23.2.1] AndroidManifest.xml:26:22-79
29    <uses-permission android:name="android.permission.FOREGROUND_SERVICE" />
29-->[androidx.work:work-runtime:2.7.1] AndroidManifest.xml:28:5-77
29-->[androidx.work:work-runtime:2.7.1] AndroidManifest.xml:28:22-74
30    <uses-permission android:name="android.permission.USE_FULL_SCREEN_INTENT" />
30-->[app.notifee:core:202108261754] AndroidManifest.xml:15:5-81
30-->[app.notifee:core:202108261754] AndroidManifest.xml:15:22-78
31    <uses-permission android:name="android.permission.SCHEDULE_EXACT_ALARM" />
31-->[app.notifee:core:202108261754] AndroidManifest.xml:16:5-79
31-->[app.notifee:core:202108261754] AndroidManifest.xml:16:22-76
32    <uses-permission
32-->[app.notifee:core:202108261754] AndroidManifest.xml:17:5-19:38
33        android:name="android.permission.BROADCAST_CLOSE_SYSTEM_DIALOGS"
33-->[app.notifee:core:202108261754] AndroidManifest.xml:18:9-73
34        android:maxSdkVersion="30" />
34-->[app.notifee:core:202108261754] AndroidManifest.xml:19:9-35
35    <uses-permission android:name="android.permission.GET_TASKS" /> <!-- for android -->
35-->[com.transistorsoft:tsbackgroundfetch:0.5.5] AndroidManifest.xml:14:5-68
35-->[com.transistorsoft:tsbackgroundfetch:0.5.5] AndroidManifest.xml:14:22-65
36    <!-- <uses-permission android:name="com.android.launcher.permission.READ_SETTINGS"/> -->
37    <!-- <uses-permission android:name="com.android.launcher.permission.WRITE_SETTINGS"/> -->
38    <!-- <uses-permission android:name="com.android.launcher.permission.INSTALL_SHORTCUT" /> -->
39    <!-- <uses-permission android:name="com.android.launcher.permission.UNINSTALL_SHORTCUT" /> -->
40    <!-- for Samsung -->
41    <uses-permission android:name="com.sec.android.provider.badge.permission.READ" />
41-->[me.leolin:ShortcutBadger:1.1.22] AndroidManifest.xml:19:5-86
41-->[me.leolin:ShortcutBadger:1.1.22] AndroidManifest.xml:19:22-83
42    <uses-permission android:name="com.sec.android.provider.badge.permission.WRITE" /> <!-- for htc -->
42-->[me.leolin:ShortcutBadger:1.1.22] AndroidManifest.xml:20:5-87
42-->[me.leolin:ShortcutBadger:1.1.22] AndroidManifest.xml:20:22-84
43    <uses-permission android:name="com.htc.launcher.permission.READ_SETTINGS" />
43-->[me.leolin:ShortcutBadger:1.1.22] AndroidManifest.xml:23:5-81
43-->[me.leolin:ShortcutBadger:1.1.22] AndroidManifest.xml:23:22-78
44    <uses-permission android:name="com.htc.launcher.permission.UPDATE_SHORTCUT" /> <!-- for sony -->
44-->[me.leolin:ShortcutBadger:1.1.22] AndroidManifest.xml:24:5-83
44-->[me.leolin:ShortcutBadger:1.1.22] AndroidManifest.xml:24:22-80
45    <uses-permission android:name="com.sonyericsson.home.permission.BROADCAST_BADGE" />
45-->[me.leolin:ShortcutBadger:1.1.22] AndroidManifest.xml:27:5-88
45-->[me.leolin:ShortcutBadger:1.1.22] AndroidManifest.xml:27:22-85
46    <uses-permission android:name="com.sonymobile.home.permission.PROVIDER_INSERT_BADGE" /> <!-- for apex -->
46-->[me.leolin:ShortcutBadger:1.1.22] AndroidManifest.xml:28:5-92
46-->[me.leolin:ShortcutBadger:1.1.22] AndroidManifest.xml:28:22-89
47    <uses-permission android:name="com.anddoes.launcher.permission.UPDATE_COUNT" /> <!-- for solid -->
47-->[me.leolin:ShortcutBadger:1.1.22] AndroidManifest.xml:31:5-84
47-->[me.leolin:ShortcutBadger:1.1.22] AndroidManifest.xml:31:22-81
48    <uses-permission android:name="com.majeur.launcher.permission.UPDATE_BADGE" /> <!-- for huawei -->
48-->[me.leolin:ShortcutBadger:1.1.22] AndroidManifest.xml:34:5-83
48-->[me.leolin:ShortcutBadger:1.1.22] AndroidManifest.xml:34:22-80
49    <uses-permission android:name="com.huawei.android.launcher.permission.CHANGE_BADGE" />
49-->[me.leolin:ShortcutBadger:1.1.22] AndroidManifest.xml:37:5-91
49-->[me.leolin:ShortcutBadger:1.1.22] AndroidManifest.xml:37:22-88
50    <uses-permission android:name="com.huawei.android.launcher.permission.READ_SETTINGS" />
50-->[me.leolin:ShortcutBadger:1.1.22] AndroidManifest.xml:38:5-92
50-->[me.leolin:ShortcutBadger:1.1.22] AndroidManifest.xml:38:22-89
51    <uses-permission android:name="com.huawei.android.launcher.permission.WRITE_SETTINGS" /> <!-- for ZUK -->
51-->[me.leolin:ShortcutBadger:1.1.22] AndroidManifest.xml:39:5-93
51-->[me.leolin:ShortcutBadger:1.1.22] AndroidManifest.xml:39:22-90
52    <uses-permission android:name="android.permission.READ_APP_BADGE" /> <!-- for OPPO -->
52-->[me.leolin:ShortcutBadger:1.1.22] AndroidManifest.xml:42:5-73
52-->[me.leolin:ShortcutBadger:1.1.22] AndroidManifest.xml:42:22-70
53    <uses-permission android:name="com.oppo.launcher.permission.READ_SETTINGS" />
53-->[me.leolin:ShortcutBadger:1.1.22] AndroidManifest.xml:45:5-82
53-->[me.leolin:ShortcutBadger:1.1.22] AndroidManifest.xml:45:22-79
54    <uses-permission android:name="com.oppo.launcher.permission.WRITE_SETTINGS" /> <!-- for EvMe -->
54-->[me.leolin:ShortcutBadger:1.1.22] AndroidManifest.xml:46:5-83
54-->[me.leolin:ShortcutBadger:1.1.22] AndroidManifest.xml:46:22-80
55    <uses-permission android:name="me.everything.badger.permission.BADGE_COUNT_READ" />
55-->[me.leolin:ShortcutBadger:1.1.22] AndroidManifest.xml:49:5-88
55-->[me.leolin:ShortcutBadger:1.1.22] AndroidManifest.xml:49:22-85
56    <uses-permission android:name="me.everything.badger.permission.BADGE_COUNT_WRITE" />
56-->[me.leolin:ShortcutBadger:1.1.22] AndroidManifest.xml:50:5-89
56-->[me.leolin:ShortcutBadger:1.1.22] AndroidManifest.xml:50:22-86
57
58    <application
58-->src/main/AndroidManifest.xml:21:5-65:19
59        android:name="com.karnahai.MainApplication"
59-->src/main/AndroidManifest.xml:22:7-38
60        android:allowBackup="true"
60-->src/main/AndroidManifest.xml:25:7-33
61        android:appComponentFactory="androidx.core.app.CoreComponentFactory"
61-->[androidx.core:core:1.7.0] AndroidManifest.xml:24:18-86
62        android:icon="@mipmap/ic_launcher"
62-->src/main/AndroidManifest.xml:24:7-41
63        android:label="@string/app_name"
63-->src/main/AndroidManifest.xml:23:7-39
64        android:supportsRtl="true"
64-->[:react-native-call-detection] AndroidManifest.xml:14:9-35
65        android:theme="@style/AppTheme" >
65-->src/main/AndroidManifest.xml:26:7-38
66        <activity
66-->src/main/AndroidManifest.xml:27:7-38:18
67            android:name="com.karnahai.MainActivity"
67-->src/main/AndroidManifest.xml:28:9-37
68            android:configChanges="keyboard|keyboardHidden|orientation|screenLayout|screenSize|smallestScreenSize|uiMode"
68-->src/main/AndroidManifest.xml:30:9-118
69            android:exported="true"
69-->src/main/AndroidManifest.xml:33:9-32
70            android:label="@string/app_name"
70-->src/main/AndroidManifest.xml:29:9-41
71            android:launchMode="singleTask"
71-->src/main/AndroidManifest.xml:31:9-40
72            android:windowSoftInputMode="adjustResize" >
72-->src/main/AndroidManifest.xml:32:9-51
73            <intent-filter>
73-->src/main/AndroidManifest.xml:34:9-37:25
74                <action android:name="android.intent.action.MAIN" />
74-->src/main/AndroidManifest.xml:35:13-65
74-->src/main/AndroidManifest.xml:35:21-62
75
76                <category android:name="android.intent.category.LAUNCHER" />
76-->src/main/AndroidManifest.xml:36:13-73
76-->src/main/AndroidManifest.xml:36:23-70
77            </intent-filter>
78        </activity>
79
80        <!-- Change the value to true to enable pop-up for in foreground on receiving remote notifications (for prevent duplicating while showing local notifications set this to false) -->
81        <meta-data
81-->src/main/AndroidManifest.xml:41:9-42:44
82            android:name="com.dieam.reactnativepushnotification.notification_foreground"
82-->src/main/AndroidManifest.xml:41:21-97
83            android:value="false" />
83-->src/main/AndroidManifest.xml:42:21-42
84        <!-- Change the resource name to your App's accent color - or any other color you want -->
85        <meta-data
85-->src/main/AndroidManifest.xml:44:9-45:54
86            android:name="com.dieam.reactnativepushnotification.notification_color"
86-->src/main/AndroidManifest.xml:44:21-92
87            android:resource="@color/white" /> <!-- or @android:color/{name} to use a standard color -->
87-->src/main/AndroidManifest.xml:45:21-52
88
89        <receiver android:name="com.dieam.reactnativepushnotification.modules.RNPushNotificationActions" />
89-->src/main/AndroidManifest.xml:47:9-108
89-->src/main/AndroidManifest.xml:47:19-105
90        <receiver android:name="com.dieam.reactnativepushnotification.modules.RNPushNotificationPublisher" />
90-->src/main/AndroidManifest.xml:48:9-110
90-->src/main/AndroidManifest.xml:48:19-107
91        <receiver
91-->src/main/AndroidManifest.xml:49:9-55:20
92            android:name="com.dieam.reactnativepushnotification.modules.RNPushNotificationBootEventReceiver"
92-->src/main/AndroidManifest.xml:49:45-141
93            android:exported="false" >
93-->src/main/AndroidManifest.xml:49:20-44
94            <intent-filter>
94-->src/main/AndroidManifest.xml:50:13-54:29
95                <action android:name="android.intent.action.BOOT_COMPLETED" />
95-->src/main/AndroidManifest.xml:51:17-79
95-->src/main/AndroidManifest.xml:51:25-76
96                <action android:name="android.intent.action.QUICKBOOT_POWERON" />
96-->src/main/AndroidManifest.xml:52:17-82
96-->src/main/AndroidManifest.xml:52:25-79
97                <action android:name="com.htc.intent.action.QUICKBOOT_POWERON" />
97-->src/main/AndroidManifest.xml:53:17-81
97-->src/main/AndroidManifest.xml:53:25-79
98            </intent-filter>
99        </receiver>
100
101        <service
101-->src/main/AndroidManifest.xml:57:9-63:19
102            android:name="com.dieam.reactnativepushnotification.modules.RNPushNotificationListenerService"
102-->src/main/AndroidManifest.xml:58:13-107
103            android:exported="false" >
103-->src/main/AndroidManifest.xml:59:13-37
104            <intent-filter>
104-->src/main/AndroidManifest.xml:60:13-62:29
105                <action android:name="com.google.firebase.MESSAGING_EVENT" />
105-->src/main/AndroidManifest.xml:61:17-78
105-->src/main/AndroidManifest.xml:61:25-75
106            </intent-filter>
107        </service>
108
109        <provider
109-->[:notifee_react-native] AndroidManifest.xml:10:9-14:40
110            android:name="io.invertase.notifee.NotifeeInitProvider"
110-->[:notifee_react-native] AndroidManifest.xml:11:13-68
111            android:authorities="com.karnahai.notifee-init-provider"
111-->[:notifee_react-native] AndroidManifest.xml:12:13-73
112            android:exported="false"
112-->[:notifee_react-native] AndroidManifest.xml:13:13-37
113            android:initOrder="-100" />
113-->[:notifee_react-native] AndroidManifest.xml:14:13-37
114
115        <service
115-->[:react-native-firebase_messaging] AndroidManifest.xml:14:9-16:40
116            android:name="io.invertase.firebase.messaging.ReactNativeFirebaseMessagingHeadlessService"
116-->[:react-native-firebase_messaging] AndroidManifest.xml:15:13-103
117            android:exported="false" />
117-->[:react-native-firebase_messaging] AndroidManifest.xml:16:13-37
118        <service
118-->[:react-native-firebase_messaging] AndroidManifest.xml:17:9-23:19
119            android:name="io.invertase.firebase.messaging.ReactNativeFirebaseMessagingService"
119-->[:react-native-firebase_messaging] AndroidManifest.xml:18:13-95
120            android:exported="false" >
120-->[:react-native-firebase_messaging] AndroidManifest.xml:19:13-37
121            <intent-filter>
121-->src/main/AndroidManifest.xml:60:13-62:29
122                <action android:name="com.google.firebase.MESSAGING_EVENT" />
122-->src/main/AndroidManifest.xml:61:17-78
122-->src/main/AndroidManifest.xml:61:25-75
123            </intent-filter>
124        </service>
125
126        <receiver
126-->[:react-native-firebase_messaging] AndroidManifest.xml:25:9-32:20
127            android:name="io.invertase.firebase.messaging.ReactNativeFirebaseMessagingReceiver"
127-->[:react-native-firebase_messaging] AndroidManifest.xml:26:13-96
128            android:exported="true"
128-->[:react-native-firebase_messaging] AndroidManifest.xml:27:13-36
129            android:permission="com.google.android.c2dm.permission.SEND" >
129-->[:react-native-firebase_messaging] AndroidManifest.xml:28:13-73
130            <intent-filter>
130-->[:react-native-firebase_messaging] AndroidManifest.xml:29:13-31:29
131                <action android:name="com.google.android.c2dm.intent.RECEIVE" />
131-->[:react-native-firebase_messaging] AndroidManifest.xml:30:17-81
131-->[:react-native-firebase_messaging] AndroidManifest.xml:30:25-78
132            </intent-filter>
133        </receiver>
134
135        <meta-data
135-->[:react-native-firebase_messaging] AndroidManifest.xml:34:9-36:36
136            android:name="firebase_messaging_auto_init_enabled"
136-->[:react-native-firebase_messaging] AndroidManifest.xml:35:13-64
137            android:value="true" />
137-->[:react-native-firebase_messaging] AndroidManifest.xml:36:13-33
138        <meta-data
138-->[:react-native-firebase_messaging] AndroidManifest.xml:37:9-39:32
139            android:name="com.google.firebase.messaging.default_notification_channel_id"
139-->[:react-native-firebase_messaging] AndroidManifest.xml:38:13-89
140            android:value="" />
140-->[:react-native-firebase_messaging] AndroidManifest.xml:39:13-29
141        <meta-data
141-->[:react-native-firebase_messaging] AndroidManifest.xml:40:9-42:47
142            android:name="com.google.firebase.messaging.default_notification_color"
142-->[:react-native-firebase_messaging] AndroidManifest.xml:41:13-84
143            android:resource="@color/white" />
143-->[:react-native-firebase_messaging] AndroidManifest.xml:42:13-44
144        <meta-data
144-->[:react-native-firebase_app] AndroidManifest.xml:11:9-13:36
145            android:name="app_data_collection_default_enabled"
145-->[:react-native-firebase_app] AndroidManifest.xml:12:13-63
146            android:value="true" />
146-->[:react-native-firebase_app] AndroidManifest.xml:13:13-33
147
148        <service
148-->[:react-native-firebase_app] AndroidManifest.xml:15:9-23:19
149            android:name="com.google.firebase.components.ComponentDiscoveryService"
149-->[:react-native-firebase_app] AndroidManifest.xml:16:13-84
150            android:directBootAware="true"
150-->[:react-native-firebase_app] AndroidManifest.xml:17:13-43
151            android:exported="false" >
151-->[:react-native-firebase_app] AndroidManifest.xml:18:13-37
152            <meta-data
152-->[:react-native-firebase_app] AndroidManifest.xml:20:13-22:85
153                android:name="com.google.firebase.components:io.invertase.firebase.app.ReactNativeFirebaseAppRegistrar"
153-->[:react-native-firebase_app] AndroidManifest.xml:21:17-120
154                android:value="com.google.firebase.components.ComponentRegistrar" />
154-->[:react-native-firebase_app] AndroidManifest.xml:22:17-82
155            <meta-data
155-->[com.google.firebase:firebase-auth:22.1.1] AndroidManifest.xml:69:13-71:85
156                android:name="com.google.firebase.components:com.google.firebase.auth.FirebaseAuthRegistrar"
156-->[com.google.firebase:firebase-auth:22.1.1] AndroidManifest.xml:70:17-109
157                android:value="com.google.firebase.components.ComponentRegistrar" />
157-->[com.google.firebase:firebase-auth:22.1.1] AndroidManifest.xml:71:17-82
158            <meta-data
158-->[com.google.firebase:firebase-firestore:24.7.0] AndroidManifest.xml:19:13-21:85
159                android:name="com.google.firebase.components:com.google.firebase.firestore.FirestoreRegistrar"
159-->[com.google.firebase:firebase-firestore:24.7.0] AndroidManifest.xml:20:17-111
160                android:value="com.google.firebase.components.ComponentRegistrar" />
160-->[com.google.firebase:firebase-firestore:24.7.0] AndroidManifest.xml:21:17-82
161            <meta-data
161-->[com.google.firebase:firebase-messaging:23.2.1] AndroidManifest.xml:53:13-55:85
162                android:name="com.google.firebase.components:com.google.firebase.messaging.FirebaseMessagingRegistrar"
162-->[com.google.firebase:firebase-messaging:23.2.1] AndroidManifest.xml:54:17-119
163                android:value="com.google.firebase.components.ComponentRegistrar" />
163-->[com.google.firebase:firebase-messaging:23.2.1] AndroidManifest.xml:55:17-82
164            <meta-data
164-->[com.google.firebase:firebase-datatransport:18.1.7] AndroidManifest.xml:27:13-29:85
165                android:name="com.google.firebase.components:com.google.firebase.datatransport.TransportRegistrar"
165-->[com.google.firebase:firebase-datatransport:18.1.7] AndroidManifest.xml:28:17-115
166                android:value="com.google.firebase.components.ComponentRegistrar" />
166-->[com.google.firebase:firebase-datatransport:18.1.7] AndroidManifest.xml:29:17-82
167            <meta-data
167-->[com.google.firebase:firebase-installations:17.1.4] AndroidManifest.xml:15:13-17:85
168                android:name="com.google.firebase.components:com.google.firebase.installations.FirebaseInstallationsRegistrar"
168-->[com.google.firebase:firebase-installations:17.1.4] AndroidManifest.xml:16:17-127
169                android:value="com.google.firebase.components.ComponentRegistrar" />
169-->[com.google.firebase:firebase-installations:17.1.4] AndroidManifest.xml:17:17-82
170        </service>
171
172        <provider
172-->[:react-native-firebase_app] AndroidManifest.xml:25:9-29:38
173            android:name="io.invertase.firebase.app.ReactNativeFirebaseAppInitProvider"
173-->[:react-native-firebase_app] AndroidManifest.xml:26:13-88
174            android:authorities="com.karnahai.reactnativefirebaseappinitprovider"
174-->[:react-native-firebase_app] AndroidManifest.xml:27:13-86
175            android:exported="false"
175-->[:react-native-firebase_app] AndroidManifest.xml:28:13-37
176            android:initOrder="99" />
176-->[:react-native-firebase_app] AndroidManifest.xml:29:13-35
177
178        <activity
178-->[com.google.firebase:firebase-auth:22.1.1] AndroidManifest.xml:29:9-46:20
179            android:name="com.google.firebase.auth.internal.GenericIdpActivity"
179-->[com.google.firebase:firebase-auth:22.1.1] AndroidManifest.xml:30:13-80
180            android:excludeFromRecents="true"
180-->[com.google.firebase:firebase-auth:22.1.1] AndroidManifest.xml:31:13-46
181            android:exported="true"
181-->[com.google.firebase:firebase-auth:22.1.1] AndroidManifest.xml:32:13-36
182            android:launchMode="singleTask"
182-->[com.google.firebase:firebase-auth:22.1.1] AndroidManifest.xml:33:13-44
183            android:theme="@android:style/Theme.Translucent.NoTitleBar" >
183-->[com.google.firebase:firebase-auth:22.1.1] AndroidManifest.xml:34:13-72
184            <intent-filter>
184-->[com.google.firebase:firebase-auth:22.1.1] AndroidManifest.xml:35:13-45:29
185                <action android:name="android.intent.action.VIEW" />
185-->[com.google.firebase:firebase-auth:22.1.1] AndroidManifest.xml:36:17-69
185-->[com.google.firebase:firebase-auth:22.1.1] AndroidManifest.xml:36:25-66
186
187                <category android:name="android.intent.category.DEFAULT" />
187-->[com.google.firebase:firebase-auth:22.1.1] AndroidManifest.xml:38:17-76
187-->[com.google.firebase:firebase-auth:22.1.1] AndroidManifest.xml:38:27-73
188                <category android:name="android.intent.category.BROWSABLE" />
188-->[com.google.firebase:firebase-auth:22.1.1] AndroidManifest.xml:39:17-78
188-->[com.google.firebase:firebase-auth:22.1.1] AndroidManifest.xml:39:27-75
189
190                <data
190-->[com.google.firebase:firebase-auth:22.1.1] AndroidManifest.xml:41:17-44:51
191                    android:host="firebase.auth"
191-->[com.google.firebase:firebase-auth:22.1.1] AndroidManifest.xml:42:21-49
192                    android:path="/"
192-->[com.google.firebase:firebase-auth:22.1.1] AndroidManifest.xml:43:21-37
193                    android:scheme="genericidp" />
193-->[com.google.firebase:firebase-auth:22.1.1] AndroidManifest.xml:44:21-48
194            </intent-filter>
195        </activity>
196        <activity
196-->[com.google.firebase:firebase-auth:22.1.1] AndroidManifest.xml:47:9-64:20
197            android:name="com.google.firebase.auth.internal.RecaptchaActivity"
197-->[com.google.firebase:firebase-auth:22.1.1] AndroidManifest.xml:48:13-79
198            android:excludeFromRecents="true"
198-->[com.google.firebase:firebase-auth:22.1.1] AndroidManifest.xml:49:13-46
199            android:exported="true"
199-->[com.google.firebase:firebase-auth:22.1.1] AndroidManifest.xml:50:13-36
200            android:launchMode="singleTask"
200-->[com.google.firebase:firebase-auth:22.1.1] AndroidManifest.xml:51:13-44
201            android:theme="@android:style/Theme.Translucent.NoTitleBar" >
201-->[com.google.firebase:firebase-auth:22.1.1] AndroidManifest.xml:52:13-72
202            <intent-filter>
202-->[com.google.firebase:firebase-auth:22.1.1] AndroidManifest.xml:53:13-63:29
203                <action android:name="android.intent.action.VIEW" />
203-->[com.google.firebase:firebase-auth:22.1.1] AndroidManifest.xml:36:17-69
203-->[com.google.firebase:firebase-auth:22.1.1] AndroidManifest.xml:36:25-66
204
205                <category android:name="android.intent.category.DEFAULT" />
205-->[com.google.firebase:firebase-auth:22.1.1] AndroidManifest.xml:38:17-76
205-->[com.google.firebase:firebase-auth:22.1.1] AndroidManifest.xml:38:27-73
206                <category android:name="android.intent.category.BROWSABLE" />
206-->[com.google.firebase:firebase-auth:22.1.1] AndroidManifest.xml:39:17-78
206-->[com.google.firebase:firebase-auth:22.1.1] AndroidManifest.xml:39:27-75
207
208                <data
208-->[com.google.firebase:firebase-auth:22.1.1] AndroidManifest.xml:41:17-44:51
209                    android:host="firebase.auth"
209-->[com.google.firebase:firebase-auth:22.1.1] AndroidManifest.xml:42:21-49
210                    android:path="/"
210-->[com.google.firebase:firebase-auth:22.1.1] AndroidManifest.xml:43:21-37
211                    android:scheme="recaptcha" />
211-->[com.google.firebase:firebase-auth:22.1.1] AndroidManifest.xml:44:21-48
212            </intent-filter>
213        </activity>
214
215        <receiver
215-->[com.google.firebase:firebase-messaging:23.2.1] AndroidManifest.xml:29:9-36:20
216            android:name="com.google.firebase.iid.FirebaseInstanceIdReceiver"
216-->[com.google.firebase:firebase-messaging:23.2.1] AndroidManifest.xml:30:13-78
217            android:exported="true"
217-->[com.google.firebase:firebase-messaging:23.2.1] AndroidManifest.xml:31:13-36
218            android:permission="com.google.android.c2dm.permission.SEND" >
218-->[com.google.firebase:firebase-messaging:23.2.1] AndroidManifest.xml:32:13-73
219            <intent-filter>
219-->[:react-native-firebase_messaging] AndroidManifest.xml:29:13-31:29
220                <action android:name="com.google.android.c2dm.intent.RECEIVE" />
220-->[:react-native-firebase_messaging] AndroidManifest.xml:30:17-81
220-->[:react-native-firebase_messaging] AndroidManifest.xml:30:25-78
221            </intent-filter>
222        </receiver>
223        <!--
224             FirebaseMessagingService performs security checks at runtime,
225             but set to not exported to explicitly avoid allowing another app to call it.
226        -->
227        <service
227-->[com.google.firebase:firebase-messaging:23.2.1] AndroidManifest.xml:42:9-49:19
228            android:name="com.google.firebase.messaging.FirebaseMessagingService"
228-->[com.google.firebase:firebase-messaging:23.2.1] AndroidManifest.xml:43:13-82
229            android:directBootAware="true"
229-->[com.google.firebase:firebase-messaging:23.2.1] AndroidManifest.xml:44:13-43
230            android:exported="false" >
230-->[com.google.firebase:firebase-messaging:23.2.1] AndroidManifest.xml:45:13-37
231            <intent-filter android:priority="-500" >
231-->src/main/AndroidManifest.xml:60:13-62:29
232                <action android:name="com.google.firebase.MESSAGING_EVENT" />
232-->src/main/AndroidManifest.xml:61:17-78
232-->src/main/AndroidManifest.xml:61:25-75
233            </intent-filter>
234        </service>
235
236        <provider
236-->[com.google.firebase:firebase-common:20.3.3] AndroidManifest.xml:25:9-30:39
237            android:name="com.google.firebase.provider.FirebaseInitProvider"
237-->[com.google.firebase:firebase-common:20.3.3] AndroidManifest.xml:26:13-77
238            android:authorities="com.karnahai.firebaseinitprovider"
238-->[com.google.firebase:firebase-common:20.3.3] AndroidManifest.xml:27:13-72
239            android:directBootAware="true"
239-->[com.google.firebase:firebase-common:20.3.3] AndroidManifest.xml:28:13-43
240            android:exported="false"
240-->[com.google.firebase:firebase-common:20.3.3] AndroidManifest.xml:29:13-37
241            android:initOrder="100" />
241-->[com.google.firebase:firebase-common:20.3.3] AndroidManifest.xml:30:13-36
242
243        <service
243-->[com.google.android.datatransport:transport-backend-cct:3.1.8] AndroidManifest.xml:28:9-34:19
244            android:name="com.google.android.datatransport.runtime.backends.TransportBackendDiscovery"
244-->[com.google.android.datatransport:transport-backend-cct:3.1.8] AndroidManifest.xml:29:13-103
245            android:exported="false" >
245-->[com.google.android.datatransport:transport-backend-cct:3.1.8] AndroidManifest.xml:30:13-37
246            <meta-data
246-->[com.google.android.datatransport:transport-backend-cct:3.1.8] AndroidManifest.xml:31:13-33:39
247                android:name="backend:com.google.android.datatransport.cct.CctBackendFactory"
247-->[com.google.android.datatransport:transport-backend-cct:3.1.8] AndroidManifest.xml:32:17-94
248                android:value="cct" />
248-->[com.google.android.datatransport:transport-backend-cct:3.1.8] AndroidManifest.xml:33:17-36
249        </service>
250        <service
250-->[com.google.android.datatransport:transport-runtime:3.1.8] AndroidManifest.xml:26:9-30:19
251            android:name="com.google.android.datatransport.runtime.scheduling.jobscheduling.JobInfoSchedulerService"
251-->[com.google.android.datatransport:transport-runtime:3.1.8] AndroidManifest.xml:27:13-117
252            android:exported="false"
252-->[com.google.android.datatransport:transport-runtime:3.1.8] AndroidManifest.xml:28:13-37
253            android:permission="android.permission.BIND_JOB_SERVICE" >
253-->[com.google.android.datatransport:transport-runtime:3.1.8] AndroidManifest.xml:29:13-69
254        </service>
255
256        <receiver